<?xml version="1.0" encoding="UTF-8"?>
<!-- Generated by org.testng.reporters.JUnitReportReporter -->
<testsuite hostname="Mac.lan" failures="0" tests="9" name="api.test.DDTests" time="2.716" errors="0" timestamp="2025-04-19T18:19:44 CDT" skipped="0">
  <testcase classname="api.test.DDTests" name="testPostUser" time="0.852"/>
  <testcase classname="api.test.DDTests" name="testPostUser" time="0.248"/>
  <testcase classname="api.test.DDTests" name="testPostUser" time="0.265"/>
  <testcase classname="api.test.DDTests" name="testGetUserByName" time="0.231"/>
  <testcase classname="api.test.DDTests" name="testGetUserByName" time="0.206"/>
  <testcase classname="api.test.DDTests" name="testGetUserByName" time="0.235"/>
  <testcase classname="api.test.DDTests" name="testDeleteUserByName" time="0.219"/>
  <testcase classname="api.test.DDTests" name="testDeleteUserByName" time="0.226"/>
  <testcase classname="api.test.DDTests" name="testDeleteUserByName" time="0.234"/>
</testsuite> <!-- api.test.DDTests -->
