<?xml version="1.0" encoding="UTF-8"?>
<!-- Generated by org.testng.reporters.JUnitReportReporter -->
<testsuite hostname="Mac.lan" failures="0" tests="4" name="api.test.UserTests" time="1.730" errors="0" timestamp="2025-04-20T16:45:39 CDT" skipped="0">
  <testcase classname="api.test.UserTests" name="testPostUser" time="0.837"/>
  <testcase classname="api.test.UserTests" name="testGetUserByName" time="0.231"/>
  <testcase classname="api.test.UserTests" name="testUpdatetUserByUserName" time="0.454"/>
  <testcase classname="api.test.UserTests" name="deletetUserByName" time="0.208"/>
</testsuite> <!-- api.test.UserTests -->
