<?xml version="1.0" encoding="UTF-8"?>
<!-- Generated by org.testng.reporters.JUnitReportReporter -->
<testsuite hostname="Mac.lan" failures="0" tests="4" name="api.test.UserTests" time="4.278" errors="0" timestamp="2025-04-20T18:02:24 CDT" skipped="0">
  <testcase classname="api.test.UserTests" name="testPostUser" time="3.089"/>
  <testcase classname="api.test.UserTests" name="testGetUserByName" time="0.355"/>
  <testcase classname="api.test.UserTests" name="testUpdatetUserByUserName" time="0.577"/>
  <testcase classname="api.test.UserTests" name="deletetUserByName" time="0.257"/>
</testsuite> <!-- api.test.UserTests -->
